# JRE version: OpenJDK Runtime Environment Temurin-17+35 (17.0+35) (build 17+35)
# Java VM: OpenJDK 64-Bit Server VM Temurin-17+35 (17+35, mixed mode, emulated-client, tiered, compressed oops, compressed class ptrs, g1 gc, windows-amd64)
GC Precious Log:
 CPUs: 4 total, 4 available
 Memory: 8113M
 Large Page Support: Disabled
 NUMA Support: Disabled
 Compressed Oops: Enabled (32-bit)
 Heap Region Size: 1M
 Heap Min Capacity: 8M
 Heap Initial Capacity: 128M
 Heap Max Capacity: 2030M
 Pre-touch: Disabled
 Parallel Workers: 4
 Concurrent Workers: 1
 Concurrent Refinement Workers: 4
 Periodic GC: Disabled
Heap:
 garbage-first heap   total 116736K, used 49914K [0x0000000081200000, 0x0000000100000000)
  region size 1024K, 1 young (1024K), 1 survivors (1024K)
 Metaspace       used 71235K, committed 72256K, reserved 1122304K
  class space    used 9408K, committed 9984K, reserved 1048576K
GC Heap History (20 events):
Event: 3166.511 GC heap after
{Heap after GC invocations=150 (full 18):
 garbage-first heap   total 116736K, used 42502K [0x0000000081200000, 0x0000000100000000)
  region size 1024K, 2 young (2048K), 2 survivors (2048K)
 Metaspace       used 69368K, committed 70592K, reserved 1122304K
  class space    used 9207K, committed 9984K, reserved 1048576K
}
Event: 3204.151 GC heap before
{Heap before GC invocations=151 (full 18):
 garbage-first heap   total 116736K, used 93702K [0x0000000081200000, 0x0000000100000000)
  region size 1024K, 52 young (53248K), 2 survivors (2048K)
 Metaspace       used 69660K, committed 70848K, reserved 1122304K
  class space    used 9254K, committed 9984K, reserved 1048576K
}
Event: 3204.159 GC heap after
{Heap after GC invocations=152 (full 18):
 garbage-first heap   total 116736K, used 45192K [0x0000000081200000, 0x0000000100000000)
  region size 1024K, 5 young (5120K), 5 survivors (5120K)
 Metaspace       used 69660K, committed 70848K, reserved 1122304K
  class space    used 9254K, committed 9984K, reserved 1048576K
}
Event: 3204.211 GC heap before
{Heap before GC invocations=152 (full 18):
 garbage-first heap   total 116736K, used 46216K [0x0000000081200000, 0x0000000100000000)
  region size 1024K, 6 young (6144K), 5 survivors (5120K)
 Metaspace       used 69663K, committed 70848K, reserved 1122304K
  class space    used 9254K, committed 9984K, reserved 1048576K
}
Event: 3204.216 GC heap after
{Heap after GC invocations=153 (full 18):
 garbage-first heap   total 116736K, used 45861K [0x0000000081200000, 0x0000000100000000)
  region size 1024K, 1 young (1024K), 1 survivors (1024K)
 Metaspace       used 69663K, committed 70848K, reserved 1122304K
  class space    used 9254K, committed 9984K, reserved 1048576K
}
Event: 3205.685 GC heap before
{Heap before GC invocations=153 (full 18):
 garbage-first heap   total 116736K, used 93989K [0x0000000081200000, 0x0000000100000000)
  region size 1024K, 49 young (50176K), 1 survivors (1024K)
 Metaspace       used 69918K, committed 71104K, reserved 1122304K
  class space    used 9282K, committed 9984K, reserved 1048576K
}
Event: 3205.689 GC heap after
{Heap after GC invocations=154 (full 18):
 garbage-first heap   total 116736K, used 47072K [0x0000000081200000, 0x0000000100000000)
  region size 1024K, 2 young (2048K), 2 survivors (2048K)
 Metaspace       used 69918K, committed 71104K, reserved 1122304K
  class space    used 9282K, committed 9984K, reserved 1048576K
}
Event: 3207.006 GC heap before
{Heap before GC invocations=154 (full 18):
 garbage-first heap   total 116736K, used 94176K [0x0000000081200000, 0x0000000100000000)
  region size 1024K, 49 young (50176K), 2 survivors (2048K)
 Metaspace       used 70089K, committed 71232K, reserved 1122304K
  class space    used 9298K, committed 9984K, reserved 1048576K
}
Event: 3207.012 GC heap after
{Heap after GC invocations=155 (full 18):
 garbage-first heap   total 116736K, used 49120K [0x0000000081200000, 0x0000000100000000)
  region size 1024K, 4 young (4096K), 4 survivors (4096K)
 Metaspace       used 70089K, committed 71232K, reserved 1122304K
  class space    used 9298K, committed 9984K, reserved 1048576K
}
Event: 3207.677 GC heap before
{Heap before GC invocations=156 (full 18):
 garbage-first heap   total 116736K, used 95200K [0x0000000081200000, 0x0000000100000000)
  region size 1024K, 49 young (50176K), 4 survivors (4096K)
 Metaspace       used 70480K, committed 71616K, reserved 1122304K
  class space    used 9324K, committed 9984K, reserved 1048576K
}
Event: 3207.684 GC heap after
{Heap after GC invocations=157 (full 18):
 garbage-first heap   total 116736K, used 50768K [0x0000000081200000, 0x0000000100000000)
  region size 1024K, 4 young (4096K), 4 survivors (4096K)
 Metaspace       used 70480K, committed 71616K, reserved 1122304K
  class space    used 9324K, committed 9984K, reserved 1048576K
}
Event: 3207.688 GC heap before
{Heap before GC invocations=157 (full 18):
 garbage-first heap   total 116736K, used 51792K [0x0000000081200000, 0x0000000100000000)
  region size 1024K, 5 young (5120K), 4 survivors (4096K)
 Metaspace       used 70480K, committed 71616K, reserved 1122304K
  class space    used 9324K, committed 9984K, reserved 1048576K
}
Event: 3207.697 GC heap after
{Heap after GC invocations=158 (full 18):
 garbage-first heap   total 116736K, used 46061K [0x0000000081200000, 0x0000000100000000)
  region size 1024K, 1 young (1024K), 1 survivors (1024K)
 Metaspace       used 70480K, committed 71616K, reserved 1122304K
  class space    used 9324K, committed 9984K, reserved 1048576K
}
Event: 3207.951 GC heap before
{Heap before GC invocations=158 (full 18):
 garbage-first heap   total 116736K, used 95213K [0x0000000081200000, 0x0000000100000000)
  region size 1024K, 49 young (50176K), 1 survivors (1024K)
 Metaspace       used 70805K, committed 71872K, reserved 1122304K
  class space    used 9346K, committed 9984K, reserved 1048576K
}
Event: 3207.956 GC heap after
{Heap after GC invocations=159 (full 18):
 garbage-first heap   total 116736K, used 46910K [0x0000000081200000, 0x0000000100000000)
  region size 1024K, 2 young (2048K), 2 survivors (2048K)
 Metaspace       used 70805K, committed 71872K, reserved 1122304K
  class space    used 9346K, committed 9984K, reserved 1048576K
}
Event: 3248.055 GC heap before
{Heap before GC invocations=160 (full 18):
 garbage-first heap   total 116736K, used 96062K [0x0000000081200000, 0x0000000100000000)
  region size 1024K, 50 young (51200K), 2 survivors (2048K)
 Metaspace       used 71229K, committed 72256K, reserved 1122304K
  class space    used 9407K, committed 9984K, reserved 1048576K
}
Event: 3248.062 GC heap after
{Heap after GC invocations=161 (full 18):
 garbage-first heap   total 116736K, used 49808K [0x0000000081200000, 0x0000000100000000)
  region size 1024K, 5 young (5120K), 5 survivors (5120K)
 Metaspace       used 71229K, committed 72256K, reserved 1122304K
  class space    used 9407K, committed 9984K, reserved 1048576K
}
Event: 3248.115 GC heap before
{Heap before GC invocations=161 (full 18):
 garbage-first heap   total 116736K, used 50832K [0x0000000081200000, 0x0000000100000000)
  region size 1024K, 6 young (6144K), 5 survivors (5120K)
 Metaspace       used 71229K, committed 72256K, reserved 1122304K
  class space    used 9407K, committed 9984K, reserved 1048576K
}
Event: 3248.122 GC heap after
{Heap after GC invocations=162 (full 18):
 garbage-first heap   total 116736K, used 49574K [0x0000000081200000, 0x0000000100000000)
  region size 1024K, 1 young (1024K), 1 survivors (1024K)
 Metaspace       used 71229K, committed 72256K, reserved 1122304K
  class space    used 9407K, committed 9984K, reserved 1048576K
}
Event: 3248.366 GC heap before
{Heap before GC invocations=162 (full 18):
 garbage-first heap   total 116736K, used 94630K [0x0000000081200000, 0x0000000100000000)
  region size 1024K, 46 young (47104K), 1 survivors (1024K)
 Metaspace       used 71235K, committed 72256K, reserved 1122304K
  class space    used 9408K, committed 9984K, reserved 1048576K
}

